<?xml version="1.0" encoding="UTF-8"?>
<testng-results skipped="0" failed="0" ignored="0" total="1" passed="1">
  <reporter-output>
  </reporter-output>
  <suite name="Default suite" duration-ms="9418" started-at="2020-01-22T04:31:02Z" finished-at="2020-01-22T04:31:12Z">
    <groups>
    </groups>
    <test name="Default test" duration-ms="9418" started-at="2020-01-22T04:31:02Z" finished-at="2020-01-22T04:31:12Z">
      <class name="testpackage.TestNGclass">
        <test-method status="PASS" signature="init()[pri:0, instance:testpackage.TestNGclass@271053e1]" name="init" is-config="true" duration-ms="716" started-at="2020-01-22T04:31:02Z" finished-at="2020-01-22T04:31:03Z">
          <reporter-output>
          </reporter-output>
        </test-method> <!-- init -->
        <test-method status="PASS" signature="f()[pri:0, instance:testpackage.TestNGclass@271053e1]" name="f" duration-ms="8181" started-at="2020-01-22T04:31:03Z" finished-at="2020-01-22T04:31:11Z">
          <reporter-output>
          </reporter-output>
        </test-method> <!-- f -->
        <test-method status="PASS" signature="teardown()[pri:0, instance:testpackage.TestNGclass@271053e1]" name="teardown" is-config="true" duration-ms="504" started-at="2020-01-22T04:31:11Z" finished-at="2020-01-22T04:31:12Z">
          <reporter-output>
          </reporter-output>
        </test-method> <!-- teardown -->
      </class> <!-- testpackage.TestNGclass -->
    </test> <!-- Default test -->
  </suite> <!-- Default suite -->
</testng-results>
