<?xml version="1.0" encoding="UTF-8"?>
<testng-results skipped="0" failed="0" ignored="0" total="1" passed="1">
  <reporter-output>
  </reporter-output>
  <suite name="Suite" duration-ms="14451" started-at="2020-01-03T06:50:11Z" finished-at="2020-01-03T06:50:26Z">
    <groups>
    </groups>
    <test name="Test" duration-ms="14451" started-at="2020-01-03T06:50:11Z" finished-at="2020-01-03T06:50:26Z">
      <class name="testpackage.TestNGclass">
        <test-method status="PASS" signature="init()[pri:0, instance:testpackage.TestNGclass@39c0f4a]" name="init" is-config="true" duration-ms="820" started-at="2020-01-03T06:50:11Z" finished-at="2020-01-03T06:50:12Z">
          <reporter-output>
          </reporter-output>
        </test-method> <!-- init -->
        <test-method status="PASS" signature="f()[pri:0, instance:testpackage.TestNGclass@39c0f4a]" name="f" duration-ms="13125" started-at="2020-01-03T06:50:12Z" finished-at="2020-01-03T06:50:25Z">
          <reporter-output>
          </reporter-output>
        </test-method> <!-- f -->
        <test-method status="PASS" signature="teardown()[pri:0, instance:testpackage.TestNGclass@39c0f4a]" name="teardown" is-config="true" duration-ms="482" started-at="2020-01-03T06:50:25Z" finished-at="2020-01-03T06:50:26Z">
          <reporter-output>
          </reporter-output>
        </test-method> <!-- teardown -->
      </class> <!-- testpackage.TestNGclass -->
    </test> <!-- Test -->
  </suite> <!-- Suite -->
</testng-results>
